<?xml version="1.0" encoding="UTF-8"?>
<!-- Generated by org.testng.reporters.JUnitReportReporter -->
<testsuite hostname="LAPTOP-3USBQQ16" failures="0" tests="3" name="com.ui.tests.UIGoogleTests" time="19.591" errors="0" timestamp="2024-07-22T00:22:15 IST" skipped="0">
  <testcase classname="com.ui.tests.UIGoogleTests" name="openSearchResults" time="2.270"/>
  <system-out/>
  <testcase classname="com.ui.tests.UIGoogleTests" name="getBrokenLinksTest" time="15.725"/>
  <system-out/>
  <testcase classname="com.ui.tests.UIGoogleTests" name="testMethod" time="1.596"/>
  <system-out/>
</testsuite> <!-- com.ui.tests.UIGoogleTests -->
