<?xml version="1.0" encoding="UTF-8"?>
<!-- Generated by org.testng.reporters.JUnitReportReporter -->
<testsuite hostname="LAPTOP-3USBQQ16" failures="0" tests="2" name="test.APIRevise" time="11.222" errors="0" timestamp="2024-07-10T00:37:55 IST" skipped="0">
  <testcase classname="test.APIRevise" name="postData" time="7.225"/>
  <testcase classname="test.APIRevise" name="getData" time="3.997"/>
</testsuite> <!-- test.APIRevise -->
