<?xml version="1.0" encoding="UTF-8"?>
<!-- Generated by org.testng.reporters.JUnitReportReporter -->
<testsuite hostname="LAPTOP-3USBQQ16" failures="0" tests="2" name="test.APITesting" time="1.208" errors="0" timestamp="2024-07-10T00:37:55 IST" skipped="1">
  <testcase classname="test.APITesting" name="postData" time="1.208"/>
  <testcase classname="test.APITesting" name="getData">
    <skipped/>
  </testcase> <!-- getData -->
</testsuite> <!-- test.APITesting -->
