<?xml version="1.0" encoding="UTF-8"?>
<!-- Generated by org.testng.reporters.JUnitReportReporter -->
<testsuite hostname="LAPTOP-3USBQQ16" failures="0" tests="1" name="test.pojotojsonTest" time="3.504" errors="0" timestamp="2024-07-10T00:37:55 IST" skipped="0">
  <testcase classname="test.pojotojsonTest" name="postReq" time="3.504"/>
</testsuite> <!-- test.pojotojsonTest -->
